2025-02-03T19:45:54.606-05:00  INFO 10560 --- [Gestor de Gastos] [restartedMain] com.gestor.gatos.GatosApplication        : Starting GatosApplication using Java 17.0.8 with PID 10560 (D:\UNIVERSITARIO\AppNube\gastos\target\classes started by Arkadyan in D:\UNIVERSITARIO\AppNube\gastos)
2025-02-03T19:45:54.612-05:00  INFO 10560 --- [Gestor de Gastos] [restartedMain] com.gestor.gatos.GatosApplication        : No active profile set, falling back to 1 default profile: "default"
2025-02-03T19:45:54.664-05:00  INFO 10560 --- [Gestor de Gastos] [restartedMain] .e.DevToolsPropertyDefaultsPostProcessor : Devtools property defaults active! Set 'spring.devtools.add-properties' to 'false' to disable
2025-02-03T19:45:54.664-05:00  INFO 10560 --- [Gestor de Gastos] [restartedMain] .e.DevToolsPropertyDefaultsPostProcessor : For additional web related logging consider setting the 'logging.level.web' property to 'DEBUG'
2025-02-03T19:45:55.341-05:00  INFO 10560 --- [Gestor de Gastos] [restartedMain] .s.d.r.c.RepositoryConfigurationDelegate : Bootstrapping Spring Data JPA repositories in DEFAULT mode.
2025-02-03T19:45:55.403-05:00  INFO 10560 --- [Gestor de Gastos] [restartedMain] .s.d.r.c.RepositoryConfigurationDelegate : Finished Spring Data repository scanning in 52 ms. Found 5 JPA repository interfaces.
2025-02-03T19:45:55.833-05:00  INFO 10560 --- [Gestor de Gastos] [restartedMain] o.s.b.w.embedded.tomcat.TomcatWebServer  : Tomcat initialized with port 8080 (http)
2025-02-03T19:45:55.842-05:00  INFO 10560 --- [Gestor de Gastos] [restartedMain] o.apache.catalina.core.StandardService   : Starting service [Tomcat]
2025-02-03T19:45:55.843-05:00  INFO 10560 --- [Gestor de Gastos] [restartedMain] o.apache.catalina.core.StandardEngine    : Starting Servlet engine: [Apache Tomcat/10.1.34]
2025-02-03T19:45:55.886-05:00  INFO 10560 --- [Gestor de Gastos] [restartedMain] o.a.c.c.C.[Tomcat].[localhost].[/]       : Initializing Spring embedded WebApplicationContext
2025-02-03T19:45:55.887-05:00  INFO 10560 --- [Gestor de Gastos] [restartedMain] w.s.c.ServletWebServerApplicationContext : Root WebApplicationContext: initialization completed in 1222 ms
2025-02-03T19:45:55.992-05:00  INFO 10560 --- [Gestor de Gastos] [restartedMain] o.hibernate.jpa.internal.util.LogHelper  : HHH000204: Processing PersistenceUnitInfo [name: default]
2025-02-03T19:45:56.032-05:00  INFO 10560 --- [Gestor de Gastos] [restartedMain] org.hibernate.Version                    : HHH000412: Hibernate ORM core version 6.6.4.Final
2025-02-03T19:45:56.060-05:00  INFO 10560 --- [Gestor de Gastos] [restartedMain] o.h.c.internal.RegionFactoryInitiator    : HHH000026: Second-level cache disabled
2025-02-03T19:45:56.316-05:00  INFO 10560 --- [Gestor de Gastos] [restartedMain] o.s.o.j.p.SpringPersistenceUnitInfo      : No LoadTimeWeaver setup: ignoring JPA class transformer
2025-02-03T19:45:56.343-05:00  INFO 10560 --- [Gestor de Gastos] [restartedMain] com.zaxxer.hikari.HikariDataSource       : HikariPool-1 - Starting...
2025-02-03T19:45:57.705-05:00  INFO 10560 --- [Gestor de Gastos] [restartedMain] com.zaxxer.hikari.pool.HikariPool        : HikariPool-1 - Added connection org.postgresql.jdbc.PgConnection@29c7361c
2025-02-03T19:45:57.710-05:00  INFO 10560 --- [Gestor de Gastos] [restartedMain] com.zaxxer.hikari.HikariDataSource       : HikariPool-1 - Start completed.
2025-02-03T19:45:58.229-05:00  INFO 10560 --- [Gestor de Gastos] [restartedMain] org.hibernate.orm.connections.pooling    : HHH10001005: Database info:
	Database JDBC URL [Connecting through datasource 'HikariDataSource (HikariPool-1)']
	Database driver: undefined/unknown
	Database version: 16.6
	Autocommit mode: undefined/unknown
	Isolation level: undefined/unknown
	Minimum pool size: undefined/unknown
	Maximum pool size: undefined/unknown
2025-02-03T19:45:59.021-05:00  INFO 10560 --- [Gestor de Gastos] [restartedMain] o.h.e.t.j.p.i.JtaPlatformInitiator       : HHH000489: No JTA platform available (set 'hibernate.transaction.jta.platform' to enable JTA platform integration)
2025-02-03T19:45:59.499-05:00 DEBUG 10560 --- [Gestor de Gastos] [restartedMain] org.hibernate.SQL                        : create table categoria (id_categoria varchar(255) not null, descripcion varchar(255), nombre varchar(255) not null, tipo varchar(255) not null, primary key (id_categoria))
2025-02-03T19:45:59.626-05:00 DEBUG 10560 --- [Gestor de Gastos] [restartedMain] org.hibernate.SQL                        : create table gasto (id_gasto bigint generated by default as identity, descripcion varchar(255), fecha timestamp(6) not null, monto float(53) not null, id_categoria varchar(255), id_metodo_pago varchar(255), id_usuario bigint, primary key (id_gasto))
2025-02-03T19:45:59.740-05:00 DEBUG 10560 --- [Gestor de Gastos] [restartedMain] org.hibernate.SQL                        : create table ingreso (id_ingreso bigint generated by default as identity, descripcion varchar(255), fecha timestamp(6) not null, monto float(53) not null, id_categoria varchar(255), id_metodo_pago varchar(255), id_usuario bigint, primary key (id_ingreso))
2025-02-03T19:45:59.851-05:00 DEBUG 10560 --- [Gestor de Gastos] [restartedMain] org.hibernate.SQL                        : create table metodo_pago (id_metodo_pago varchar(255) not null, nombre varchar(255) not null, primary key (id_metodo_pago))
2025-02-03T19:45:59.963-05:00 DEBUG 10560 --- [Gestor de Gastos] [restartedMain] org.hibernate.SQL                        : create table usuario (id_usuario bigint generated by default as identity, email varchar(255), fecha_creacion timestamp(6), password varchar(255) not null, username varchar(255) not null, primary key (id_usuario))
2025-02-03T19:46:00.075-05:00 DEBUG 10560 --- [Gestor de Gastos] [restartedMain] org.hibernate.SQL                        : alter table if exists usuario drop constraint if exists UK5171l57faosmj8myawaucatdw
2025-02-03T19:46:00.178-05:00  WARN 10560 --- [Gestor de Gastos] [restartedMain] o.h.engine.jdbc.spi.SqlExceptionHelper   : SQL Warning Code: 0, SQLState: 00000
2025-02-03T19:46:00.180-05:00  WARN 10560 --- [Gestor de Gastos] [restartedMain] o.h.engine.jdbc.spi.SqlExceptionHelper   : constraint "uk5171l57faosmj8myawaucatdw" of relation "usuario" does not exist, skipping
2025-02-03T19:46:00.180-05:00 DEBUG 10560 --- [Gestor de Gastos] [restartedMain] org.hibernate.SQL                        : alter table if exists usuario add constraint UK5171l57faosmj8myawaucatdw unique (email)
2025-02-03T19:46:00.288-05:00 DEBUG 10560 --- [Gestor de Gastos] [restartedMain] org.hibernate.SQL                        : alter table if exists usuario drop constraint if exists UK863n1y3x0jalatoir4325ehal
2025-02-03T19:46:00.390-05:00  WARN 10560 --- [Gestor de Gastos] [restartedMain] o.h.engine.jdbc.spi.SqlExceptionHelper   : SQL Warning Code: 0, SQLState: 00000
2025-02-03T19:46:00.391-05:00  WARN 10560 --- [Gestor de Gastos] [restartedMain] o.h.engine.jdbc.spi.SqlExceptionHelper   : constraint "uk863n1y3x0jalatoir4325ehal" of relation "usuario" does not exist, skipping
2025-02-03T19:46:00.391-05:00 DEBUG 10560 --- [Gestor de Gastos] [restartedMain] org.hibernate.SQL                        : alter table if exists usuario add constraint UK863n1y3x0jalatoir4325ehal unique (username)
2025-02-03T19:46:00.498-05:00 DEBUG 10560 --- [Gestor de Gastos] [restartedMain] org.hibernate.SQL                        : alter table if exists gasto add constraint FKlxqxttxtelqep3htknhtj6wm0 foreign key (id_categoria) references categoria
2025-02-03T19:46:00.604-05:00 DEBUG 10560 --- [Gestor de Gastos] [restartedMain] org.hibernate.SQL                        : alter table if exists gasto add constraint FKibwdqs0uwyyyy5rt9t4hlc5tm foreign key (id_metodo_pago) references metodo_pago
2025-02-03T19:46:00.711-05:00 DEBUG 10560 --- [Gestor de Gastos] [restartedMain] org.hibernate.SQL                        : alter table if exists gasto add constraint FKak9e83ejjwpfwh70x0dy9tuve foreign key (id_usuario) references usuario
2025-02-03T19:46:00.813-05:00 DEBUG 10560 --- [Gestor de Gastos] [restartedMain] org.hibernate.SQL                        : alter table if exists ingreso add constraint FK2q1wdd8j970wjodkyluh8ug2r foreign key (id_categoria) references categoria
2025-02-03T19:46:00.924-05:00 DEBUG 10560 --- [Gestor de Gastos] [restartedMain] org.hibernate.SQL                        : alter table if exists ingreso add constraint FK4si22k76di5uqbc6kcs93tvum foreign key (id_metodo_pago) references metodo_pago
2025-02-03T19:46:01.029-05:00 DEBUG 10560 --- [Gestor de Gastos] [restartedMain] org.hibernate.SQL                        : alter table if exists ingreso add constraint FKn28s7pm6d59wb7245dys9j0ti foreign key (id_usuario) references usuario
2025-02-03T19:46:01.140-05:00  INFO 10560 --- [Gestor de Gastos] [restartedMain] j.LocalContainerEntityManagerFactoryBean : Initialized JPA EntityManagerFactory for persistence unit 'default'
2025-02-03T19:46:01.395-05:00  INFO 10560 --- [Gestor de Gastos] [restartedMain] o.s.d.j.r.query.QueryEnhancerFactory     : Hibernate is in classpath; If applicable, HQL parser will be used.
2025-02-03T19:46:03.485-05:00  INFO 10560 --- [Gestor de Gastos] [restartedMain] o.s.b.d.a.OptionalLiveReloadServer       : LiveReload server is running on port 35729
2025-02-03T19:46:03.519-05:00  INFO 10560 --- [Gestor de Gastos] [restartedMain] o.s.b.w.embedded.tomcat.TomcatWebServer  : Tomcat started on port 8080 (http) with context path '/'
2025-02-03T19:46:03.528-05:00  INFO 10560 --- [Gestor de Gastos] [restartedMain] com.gestor.gatos.GatosApplication        : Started GatosApplication in 9.307 seconds (process running for 10.65)
